  Bullet.cpp
  Instruments.cpp
Instruments.cpp(10): warning C4838: conversion from 'int' to 'SHORT' requires a narrowing conversion
  Main.cpp
c:\users\yan\downloads\oop_v7_1\oop\oop\Bonus.h(34): warning C4244: 'argument': conversion from 'time_t' to 'unsigned int', possible loss of data
c:\users\yan\downloads\oop_v7_1\oop\oop\Collision.h(704): warning C4018: '<': signed/unsigned mismatch
Main.cpp(7): warning C4244: 'argument': conversion from 'time_t' to 'unsigned int', possible loss of data
c:\users\yan\downloads\oop_v7_1\oop\oop\Array.h(172): warning C4018: '<': signed/unsigned mismatch
  c:\users\yan\downloads\oop_v7_1\oop\oop\Array.h(170): note: while compiling class template member function 'void Array<Tank *>::add(T)'
          with
          [
              T=Tank *
          ]
  c:\users\yan\downloads\oop_v7_1\oop\oop\Game.h(432): note: see reference to function template instantiation 'void Array<Tank *>::add(T)' being compiled
          with
          [
              T=Tank *
          ]
  c:\users\yan\downloads\oop_v7_1\oop\oop\Collision.h(255): note: see reference to class template instantiation 'Array<Tank *>' being compiled
c:\users\yan\downloads\oop_v7_1\oop\oop\Array.h(190): warning C4018: '<': signed/unsigned mismatch
  c:\users\yan\downloads\oop_v7_1\oop\oop\Array.h(183): note: while compiling class template member function 'void Array<Tank *>::removeOnIndex(int)'
  c:\users\yan\downloads\oop_v7_1\oop\oop\Game.h(207): note: see reference to function template instantiation 'void Array<Tank *>::removeOnIndex(int)' being compiled
c:\users\yan\downloads\oop_v7_1\oop\oop\Array.h(194): warning C4018: '<': signed/unsigned mismatch
c:\users\yan\downloads\oop_v7_1\oop\oop\Array.h(154): warning C4018: '<': signed/unsigned mismatch
  c:\users\yan\downloads\oop_v7_1\oop\oop\Array.h(151): note: while compiling class template member function 'void Array<bullet *>::copy(const Array<bullet *> &)'
  c:\users\yan\downloads\oop_v7_1\oop\oop\Array.h(82): note: see reference to function template instantiation 'void Array<bullet *>::copy(const Array<bullet *> &)' being compiled
  c:\users\yan\downloads\oop_v7_1\oop\oop\Array.h(76): note: while compiling class template member function 'Array<bullet *>::~Array(void)'
  c:\users\yan\downloads\oop_v7_1\oop\oop\Collision.h(703): note: see reference to function template instantiation 'Array<bullet *>::~Array(void)' being compiled
  Map.cpp
Map.cpp(45): warning C4309: '=': truncation of constant value
Map.cpp(85): warning C4309: '=': truncation of constant value
Map.cpp(437): warning C4309: '=': truncation of constant value
Map.cpp(476): warning C4309: '=': truncation of constant value
  Tank.cpp
  Generating code
c:\users\yan\downloads\oop_v7_1\oop\oop\collision.h(598): warning C4715: 'Collision::TankOnBlock': not all control paths return a value
c:\users\yan\downloads\oop_v7_1\oop\oop\collision.h(126): warning C4715: 'Collision::BulletOnBlock': not all control paths return a value
c:\users\yan\downloads\oop_v7_1\oop\oop\collision.h(72): warning C4715: 'Collision::PlayerOnBlock': not all control paths return a value
c:\users\yan\downloads\oop_v7_1\oop\oop\map.cpp(324): warning C4715: 'Map::destroy': not all control paths return a value
c:\users\yan\downloads\oop_v7_1\oop\oop\collision.h(264): warning C4715: 'Collision::enterTankOnArrTank': not all control paths return a value
  474 of 566 functions (83.7%) were compiled, the rest were copied from previous compilation.
    272 functions were new in current compilation
    1 functions had inline decision re-evaluated but remain unchanged
  Finished generating code
  OOP.vcxproj -> C:\Users\Yan\Downloads\OOP_v7_1\OOP\Release\OOP.exe
